# JRE version: OpenJDK Runtime Environment (17.0.7) (build 17.0.7+0-b2043.56-10550314)
# Java VM: OpenJDK 64-Bit Server VM (17.0.7+0-b2043.56-10550314, mixed mode, tiered, compressed oops, compressed class ptrs, g1 gc, windows-amd64)
GC Precious Log:
 CPUs: 8 total, 8 available
 Memory: 8108M
 Large Page Support: Disabled
 NUMA Support: Disabled
 Compressed Oops: Enabled (32-bit)
 Heap Region Size: 1M
 Heap Min Capacity: 8M
 Heap Initial Capacity: 128M
 Heap Max Capacity: 2G
 Pre-touch: Disabled
 Parallel Workers: 8
 Concurrent Workers: 2
 Concurrent Refinement Workers: 8
 Periodic GC: Disabled
Heap:
 garbage-first heap   total 131072K, used 69625K [0x0000000080000000, 0x0000000100000000)
  region size 1024K, 1 young (1024K), 1 survivors (1024K)
 Metaspace       used 90117K, committed 90752K, reserved 1179648K
  class space    used 12381K, committed 12672K, reserved 1048576K
GC Heap History (20 events):
Event: 14.989 GC heap after
{Heap after GC invocations=38 (full 0):
 garbage-first heap   total 112640K, used 58015K [0x0000000080000000, 0x0000000100000000)
  region size 1024K, 2 young (2048K), 2 survivors (2048K)
 Metaspace       used 69844K, committed 70400K, reserved 1114112K
  class space    used 9326K, committed 9600K, reserved 1048576K
}
Event: 15.626 GC heap before
{Heap before GC invocations=39 (full 0):
 garbage-first heap   total 112640K, used 84639K [0x0000000080000000, 0x0000000100000000)
  region size 1024K, 28 young (28672K), 2 survivors (2048K)
 Metaspace       used 72927K, committed 73408K, reserved 1114112K
  class space    used 9758K, committed 9984K, reserved 1048576K
}
Event: 15.632 GC heap after
{Heap after GC invocations=40 (full 0):
 garbage-first heap   total 112640K, used 59367K [0x0000000080000000, 0x0000000100000000)
  region size 1024K, 3 young (3072K), 3 survivors (3072K)
 Metaspace       used 72927K, committed 73408K, reserved 1114112K
  class space    used 9758K, committed 9984K, reserved 1048576K
}
Event: 16.277 GC heap before
{Heap before GC invocations=40 (full 0):
 garbage-first heap   total 112640K, used 87015K [0x0000000080000000, 0x0000000100000000)
  region size 1024K, 30 young (30720K), 3 survivors (3072K)
 Metaspace       used 75064K, committed 75648K, reserved 1179648K
  class space    used 10027K, committed 10304K, reserved 1048576K
}
Event: 16.283 GC heap after
{Heap after GC invocations=41 (full 0):
 garbage-first heap   total 112640K, used 61265K [0x0000000080000000, 0x0000000100000000)
  region size 1024K, 4 young (4096K), 4 survivors (4096K)
 Metaspace       used 75064K, committed 75648K, reserved 1179648K
  class space    used 10027K, committed 10304K, reserved 1048576K
}
Event: 16.684 GC heap before
{Heap before GC invocations=42 (full 0):
 garbage-first heap   total 112640K, used 87889K [0x0000000080000000, 0x0000000100000000)
  region size 1024K, 31 young (31744K), 4 survivors (4096K)
 Metaspace       used 77225K, committed 77760K, reserved 1179648K
  class space    used 10329K, committed 10560K, reserved 1048576K
}
Event: 16.689 GC heap after
{Heap after GC invocations=43 (full 0):
 garbage-first heap   total 112640K, used 62517K [0x0000000080000000, 0x0000000100000000)
  region size 1024K, 4 young (4096K), 4 survivors (4096K)
 Metaspace       used 77225K, committed 77760K, reserved 1179648K
  class space    used 10329K, committed 10560K, reserved 1048576K
}
Event: 16.703 GC heap before
{Heap before GC invocations=43 (full 0):
 garbage-first heap   total 112640K, used 63541K [0x0000000080000000, 0x0000000100000000)
  region size 1024K, 6 young (6144K), 4 survivors (4096K)
 Metaspace       used 77299K, committed 77888K, reserved 1179648K
  class space    used 10335K, committed 10624K, reserved 1048576K
}
Event: 16.707 GC heap after
{Heap after GC invocations=44 (full 0):
 garbage-first heap   total 112640K, used 62895K [0x0000000080000000, 0x0000000100000000)
  region size 1024K, 2 young (2048K), 2 survivors (2048K)
 Metaspace       used 77299K, committed 77888K, reserved 1179648K
  class space    used 10335K, committed 10624K, reserved 1048576K
}
Event: 17.361 GC heap before
{Heap before GC invocations=45 (full 0):
 garbage-first heap   total 112640K, used 92591K [0x0000000080000000, 0x0000000100000000)
  region size 1024K, 30 young (30720K), 2 survivors (2048K)
 Metaspace       used 79534K, committed 80000K, reserved 1179648K
  class space    used 10770K, committed 11008K, reserved 1048576K
}
Event: 17.364 GC heap after
{Heap after GC invocations=46 (full 0):
 garbage-first heap   total 112640K, used 63032K [0x0000000080000000, 0x0000000100000000)
  region size 1024K, 2 young (2048K), 2 survivors (2048K)
 Metaspace       used 79534K, committed 80000K, reserved 1179648K
  class space    used 10770K, committed 11008K, reserved 1048576K
}
Event: 17.966 GC heap before
{Heap before GC invocations=46 (full 0):
 garbage-first heap   total 112640K, used 92728K [0x0000000080000000, 0x0000000100000000)
  region size 1024K, 31 young (31744K), 2 survivors (2048K)
 Metaspace       used 81895K, committed 82432K, reserved 1179648K
  class space    used 11165K, committed 11392K, reserved 1048576K
}
Event: 17.970 GC heap after
{Heap after GC invocations=47 (full 0):
 garbage-first heap   total 112640K, used 64445K [0x0000000080000000, 0x0000000100000000)
  region size 1024K, 4 young (4096K), 4 survivors (4096K)
 Metaspace       used 81895K, committed 82432K, reserved 1179648K
  class space    used 11165K, committed 11392K, reserved 1048576K
}
Event: 18.921 GC heap before
{Heap before GC invocations=48 (full 0):
 garbage-first heap   total 117760K, used 92093K [0x0000000080000000, 0x0000000100000000)
  region size 1024K, 31 young (31744K), 4 survivors (4096K)
 Metaspace       used 84405K, committed 84992K, reserved 1179648K
  class space    used 11543K, committed 11840K, reserved 1048576K
}
Event: 18.930 GC heap after
{Heap after GC invocations=49 (full 0):
 garbage-first heap   total 117760K, used 66081K [0x0000000080000000, 0x0000000100000000)
  region size 1024K, 4 young (4096K), 4 survivors (4096K)
 Metaspace       used 84405K, committed 84992K, reserved 1179648K
  class space    used 11543K, committed 11840K, reserved 1048576K
}
Event: 19.591 GC heap before
{Heap before GC invocations=49 (full 0):
 garbage-first heap   total 117760K, used 97825K [0x0000000080000000, 0x0000000100000000)
  region size 1024K, 35 young (35840K), 4 survivors (4096K)
 Metaspace       used 86966K, committed 87488K, reserved 1179648K
  class space    used 11930K, committed 12160K, reserved 1048576K
}
Event: 19.598 GC heap after
{Heap after GC invocations=50 (full 0):
 garbage-first heap   total 117760K, used 67735K [0x0000000080000000, 0x0000000100000000)
  region size 1024K, 4 young (4096K), 4 survivors (4096K)
 Metaspace       used 86966K, committed 87488K, reserved 1179648K
  class space    used 11930K, committed 12160K, reserved 1048576K
}
Event: 20.378 GC heap before
{Heap before GC invocations=51 (full 0):
 garbage-first heap   total 119808K, used 98455K [0x0000000080000000, 0x0000000100000000)
  region size 1024K, 34 young (34816K), 4 survivors (4096K)
 Metaspace       used 90060K, committed 90688K, reserved 1179648K
  class space    used 12375K, committed 12672K, reserved 1048576K
}
Event: 20.384 GC heap after
{Heap after GC invocations=52 (full 0):
 garbage-first heap   total 119808K, used 69809K [0x0000000080000000, 0x0000000100000000)
  region size 1024K, 4 young (4096K), 4 survivors (4096K)
 Metaspace       used 90060K, committed 90688K, reserved 1179648K
  class space    used 12375K, committed 12672K, reserved 1048576K
}
Event: 20.404 GC heap before
{Heap before GC invocations=52 (full 0):
 garbage-first heap   total 119808K, used 70833K [0x0000000080000000, 0x0000000100000000)
  region size 1024K, 5 young (5120K), 4 survivors (4096K)
 Metaspace       used 90117K, committed 90752K, reserved 1179648K
  class space    used 12381K, committed 12672K, reserved 1048576K
}

