# JRE version: OpenJDK Runtime Environment (17.0.7) (build 17.0.7+0-b2043.56-10550314)
# Java VM: OpenJDK 64-Bit Server VM (17.0.7+0-b2043.56-10550314, mixed mode, tiered, compressed oops, compressed class ptrs, g1 gc, windows-amd64)
GC Precious Log:
 CPUs: 8 total, 8 available
 Memory: 8108M
 Large Page Support: Disabled
 NUMA Support: Disabled
 Compressed Oops: Enabled (32-bit)
 Heap Region Size: 1M
 Heap Min Capacity: 8M
 Heap Initial Capacity: 128M
 Heap Max Capacity: 2G
 Pre-touch: Disabled
 Parallel Workers: 8
 Concurrent Workers: 2
 Concurrent Refinement Workers: 8
 Periodic GC: Disabled
Heap:
 garbage-first heap   total 116736K, used 86280K [0x0000000080000000, 0x0000000100000000)
  region size 1024K, 27 young (27648K), 3 survivors (3072K)
 Metaspace       used 82566K, committed 83136K, reserved 1179648K
  class space    used 11000K, committed 11264K, reserved 1048576K
GC Heap History (20 events):
Event: 15.818 GC heap before
{Heap before GC invocations=30 (full 0):
 garbage-first heap   total 96256K, used 70121K [0x0000000080000000, 0x0000000100000000)
  region size 1024K, 19 young (19456K), 1 survivors (1024K)
 Metaspace       used 65288K, committed 65856K, reserved 1114112K
  class space    used 8704K, committed 8960K, reserved 1048576K
}
Event: 15.821 GC heap after
{Heap after GC invocations=31 (full 0):
 garbage-first heap   total 96256K, used 53176K [0x0000000080000000, 0x0000000100000000)
  region size 1024K, 1 young (1024K), 1 survivors (1024K)
 Metaspace       used 65288K, committed 65856K, reserved 1114112K
  class space    used 8704K, committed 8960K, reserved 1048576K
}
Event: 16.430 GC heap before
{Heap before GC invocations=32 (full 0):
 garbage-first heap   total 96256K, used 71608K [0x0000000080000000, 0x0000000100000000)
  region size 1024K, 20 young (20480K), 1 survivors (1024K)
 Metaspace       used 67416K, committed 67968K, reserved 1114112K
  class space    used 8939K, committed 9152K, reserved 1048576K
}
Event: 16.433 GC heap after
{Heap after GC invocations=33 (full 0):
 garbage-first heap   total 96256K, used 53562K [0x0000000080000000, 0x0000000100000000)
  region size 1024K, 1 young (1024K), 1 survivors (1024K)
 Metaspace       used 67416K, committed 67968K, reserved 1114112K
  class space    used 8939K, committed 9152K, reserved 1048576K
}
Event: 17.100 GC heap before
{Heap before GC invocations=33 (full 0):
 garbage-first heap   total 96256K, used 75066K [0x0000000080000000, 0x0000000100000000)
  region size 1024K, 22 young (22528K), 1 survivors (1024K)
 Metaspace       used 69744K, committed 70336K, reserved 1114112K
  class space    used 9281K, committed 9536K, reserved 1048576K
}
Event: 17.106 GC heap after
{Heap after GC invocations=34 (full 0):
 garbage-first heap   total 96256K, used 54521K [0x0000000080000000, 0x0000000100000000)
  region size 1024K, 2 young (2048K), 2 survivors (2048K)
 Metaspace       used 69744K, committed 70336K, reserved 1114112K
  class space    used 9281K, committed 9536K, reserved 1048576K
}
Event: 17.785 GC heap before
{Heap before GC invocations=35 (full 0):
 garbage-first heap   total 96256K, used 67833K [0x0000000080000000, 0x0000000100000000)
  region size 1024K, 17 young (17408K), 2 survivors (2048K)
 Metaspace       used 71792K, committed 72384K, reserved 1114112K
  class space    used 9546K, committed 9792K, reserved 1048576K
}
Event: 17.792 GC heap after
{Heap after GC invocations=36 (full 0):
 garbage-first heap   total 96256K, used 56312K [0x0000000080000000, 0x0000000100000000)
  region size 1024K, 3 young (3072K), 3 survivors (3072K)
 Metaspace       used 71792K, committed 72384K, reserved 1114112K
  class space    used 9546K, committed 9792K, reserved 1048576K
}
Event: 17.949 GC heap before
{Heap before GC invocations=37 (full 0):
 garbage-first heap   total 116736K, used 68600K [0x0000000080000000, 0x0000000100000000)
  region size 1024K, 12 young (12288K), 3 survivors (3072K)
 Metaspace       used 71797K, committed 72384K, reserved 1114112K
  class space    used 9547K, committed 9792K, reserved 1048576K
}
Event: 17.955 GC heap after
{Heap after GC invocations=38 (full 0):
 garbage-first heap   total 116736K, used 62087K [0x0000000080000000, 0x0000000100000000)
  region size 1024K, 3 young (3072K), 3 survivors (3072K)
 Metaspace       used 71797K, committed 72384K, reserved 1114112K
  class space    used 9547K, committed 9792K, reserved 1048576K
}
Event: 18.648 GC heap before
{Heap before GC invocations=39 (full 0):
 garbage-first heap   total 116736K, used 86663K [0x0000000080000000, 0x0000000100000000)
  region size 1024K, 26 young (26624K), 3 survivors (3072K)
 Metaspace       used 73457K, committed 73984K, reserved 1114112K
  class space    used 9772K, committed 10048K, reserved 1048576K
}
Event: 18.652 GC heap after
{Heap after GC invocations=40 (full 0):
 garbage-first heap   total 116736K, used 60988K [0x0000000080000000, 0x0000000100000000)
  region size 1024K, 3 young (3072K), 3 survivors (3072K)
 Metaspace       used 73457K, committed 73984K, reserved 1114112K
  class space    used 9772K, committed 10048K, reserved 1048576K
}
Event: 19.264 GC heap before
{Heap before GC invocations=40 (full 0):
 garbage-first heap   total 116736K, used 84540K [0x0000000080000000, 0x0000000100000000)
  region size 1024K, 27 young (27648K), 3 survivors (3072K)
 Metaspace       used 75283K, committed 75904K, reserved 1179648K
  class space    used 10012K, committed 10304K, reserved 1048576K
}
Event: 19.272 GC heap after
{Heap after GC invocations=41 (full 0):
 garbage-first heap   total 116736K, used 62197K [0x0000000080000000, 0x0000000100000000)
  region size 1024K, 2 young (2048K), 2 survivors (2048K)
 Metaspace       used 75283K, committed 75904K, reserved 1179648K
  class space    used 10012K, committed 10304K, reserved 1048576K
}
Event: 20.159 GC heap before
{Heap before GC invocations=42 (full 0):
 garbage-first heap   total 116736K, used 85749K [0x0000000080000000, 0x0000000100000000)
  region size 1024K, 27 young (27648K), 2 survivors (2048K)
 Metaspace       used 78248K, committed 78848K, reserved 1179648K
  class space    used 10434K, committed 10688K, reserved 1048576K
}
Event: 20.166 GC heap after
{Heap after GC invocations=43 (full 0):
 garbage-first heap   total 116736K, used 62111K [0x0000000080000000, 0x0000000100000000)
  region size 1024K, 3 young (3072K), 3 survivors (3072K)
 Metaspace       used 78248K, committed 78848K, reserved 1179648K
  class space    used 10434K, committed 10688K, reserved 1048576K
}
Event: 20.237 GC heap before
{Heap before GC invocations=43 (full 0):
 garbage-first heap   total 116736K, used 64159K [0x0000000080000000, 0x0000000100000000)
  region size 1024K, 5 young (5120K), 3 survivors (3072K)
 Metaspace       used 78481K, committed 79104K, reserved 1179648K
  class space    used 10453K, committed 10752K, reserved 1048576K
}
Event: 20.241 GC heap after
{Heap after GC invocations=44 (full 0):
 garbage-first heap   total 116736K, used 62022K [0x0000000080000000, 0x0000000100000000)
  region size 1024K, 1 young (1024K), 1 survivors (1024K)
 Metaspace       used 78481K, committed 79104K, reserved 1179648K
  class space    used 10453K, committed 10752K, reserved 1048576K
}
Event: 34.238 GC heap before
{Heap before GC invocations=44 (full 0):
 garbage-first heap   total 116736K, used 89670K [0x0000000080000000, 0x0000000100000000)
  region size 1024K, 29 young (29696K), 1 survivors (1024K)
 Metaspace       used 80672K, committed 81280K, reserved 1179648K
  class space    used 10729K, committed 11008K, reserved 1048576K
}
Event: 34.243 GC heap after
{Heap after GC invocations=45 (full 0):
 garbage-first heap   total 116736K, used 63752K [0x0000000080000000, 0x0000000100000000)
  region size 1024K, 3 young (3072K), 3 survivors (3072K)
 Metaspace       used 80672K, committed 81280K, reserved 1179648K
  class space    used 10729K, committed 11008K, reserved 1048576K
}

