# JRE version: OpenJDK Runtime Environment (17.0.7) (build 17.0.7+0-b2043.56-10550314)
# Java VM: OpenJDK 64-Bit Server VM (17.0.7+0-b2043.56-10550314, mixed mode, tiered, compressed oops, compressed class ptrs, g1 gc, windows-amd64)
GC Precious Log:
 CPUs: 8 total, 8 available
 Memory: 8108M
 Large Page Support: Disabled
 NUMA Support: Disabled
 Compressed Oops: Enabled (32-bit)
 Heap Region Size: 1M
 Heap Min Capacity: 8M
 Heap Initial Capacity: 128M
 Heap Max Capacity: 2G
 Pre-touch: Disabled
 Parallel Workers: 8
 Concurrent Workers: 2
 Concurrent Refinement Workers: 8
 Periodic GC: Disabled
Heap:
 garbage-first heap   total 187392K, used 111875K [0x0000000080000000, 0x0000000100000000)
  region size 1024K, 24 young (24576K), 1 survivors (1024K)
 Metaspace       used 97322K, committed 97984K, reserved 1179648K
  class space    used 13283K, committed 13632K, reserved 1048576K
GC Heap History (20 events):
Event: 16.273 GC heap before
{Heap before GC invocations=41 (full 0):
 garbage-first heap   total 136192K, used 106705K [0x0000000080000000, 0x0000000100000000)
  region size 1024K, 46 young (47104K), 4 survivors (4096K)
 Metaspace       used 82864K, committed 83392K, reserved 1179648K
  class space    used 11326K, committed 11584K, reserved 1048576K
}
Event: 16.279 GC heap after
{Heap after GC invocations=42 (full 0):
 garbage-first heap   total 136192K, used 65713K [0x0000000080000000, 0x0000000100000000)
  region size 1024K, 4 young (4096K), 4 survivors (4096K)
 Metaspace       used 82864K, committed 83392K, reserved 1179648K
  class space    used 11326K, committed 11584K, reserved 1048576K
}
Event: 17.236 GC heap before
{Heap before GC invocations=42 (full 0):
 garbage-first heap   total 136192K, used 108721K [0x0000000080000000, 0x0000000100000000)
  region size 1024K, 46 young (47104K), 4 survivors (4096K)
 Metaspace       used 86455K, committed 87040K, reserved 1179648K
  class space    used 11853K, committed 12160K, reserved 1048576K
}
Event: 17.243 GC heap after
{Heap after GC invocations=43 (full 0):
 garbage-first heap   total 136192K, used 68345K [0x0000000080000000, 0x0000000100000000)
  region size 1024K, 6 young (6144K), 6 survivors (6144K)
 Metaspace       used 86455K, committed 87040K, reserved 1179648K
  class space    used 11853K, committed 12160K, reserved 1048576K
}
Event: 18.213 GC heap before
{Heap before GC invocations=44 (full 0):
 garbage-first heap   total 136192K, used 110329K [0x0000000080000000, 0x0000000100000000)
  region size 1024K, 47 young (48128K), 6 survivors (6144K)
 Metaspace       used 90461K, committed 91072K, reserved 1179648K
  class space    used 12432K, committed 12736K, reserved 1048576K
}
Event: 18.222 GC heap after
{Heap after GC invocations=45 (full 0):
 garbage-first heap   total 136192K, used 70843K [0x0000000080000000, 0x0000000100000000)
  region size 1024K, 6 young (6144K), 6 survivors (6144K)
 Metaspace       used 90461K, committed 91072K, reserved 1179648K
  class space    used 12432K, committed 12736K, reserved 1048576K
}
Event: 18.947 GC heap before
{Heap before GC invocations=45 (full 0):
 garbage-first heap   total 136192K, used 110779K [0x0000000080000000, 0x0000000100000000)
  region size 1024K, 45 young (46080K), 6 survivors (6144K)
 Metaspace       used 91395K, committed 92032K, reserved 1179648K
  class space    used 12548K, committed 12864K, reserved 1048576K
}
Event: 18.961 GC heap after
{Heap after GC invocations=46 (full 0):
 garbage-first heap   total 136192K, used 76214K [0x0000000080000000, 0x0000000100000000)
  region size 1024K, 6 young (6144K), 6 survivors (6144K)
 Metaspace       used 91395K, committed 92032K, reserved 1179648K
  class space    used 12548K, committed 12864K, reserved 1048576K
}
Event: 19.397 GC heap before
{Heap before GC invocations=47 (full 0):
 garbage-first heap   total 138240K, used 104886K [0x0000000080000000, 0x0000000100000000)
  region size 1024K, 36 young (36864K), 6 survivors (6144K)
 Metaspace       used 92398K, committed 93056K, reserved 1179648K
  class space    used 12635K, committed 12928K, reserved 1048576K
}
Event: 19.409 GC heap after
{Heap after GC invocations=48 (full 0):
 garbage-first heap   total 138240K, used 82012K [0x0000000080000000, 0x0000000100000000)
  region size 1024K, 5 young (5120K), 5 survivors (5120K)
 Metaspace       used 92398K, committed 93056K, reserved 1179648K
  class space    used 12635K, committed 12928K, reserved 1048576K
}
Event: 20.267 GC heap before
{Heap before GC invocations=49 (full 0):
 garbage-first heap   total 152576K, used 114780K [0x0000000080000000, 0x0000000100000000)
  region size 1024K, 33 young (33792K), 5 survivors (5120K)
 Metaspace       used 95013K, committed 95616K, reserved 1179648K
  class space    used 13018K, committed 13312K, reserved 1048576K
}
Event: 20.279 GC heap after
{Heap after GC invocations=50 (full 0):
 garbage-first heap   total 152576K, used 85344K [0x0000000080000000, 0x0000000100000000)
  region size 1024K, 4 young (4096K), 4 survivors (4096K)
 Metaspace       used 95013K, committed 95616K, reserved 1179648K
  class space    used 13018K, committed 13312K, reserved 1048576K
}
Event: 20.307 GC heap before
{Heap before GC invocations=50 (full 0):
 garbage-first heap   total 152576K, used 87392K [0x0000000080000000, 0x0000000100000000)
  region size 1024K, 7 young (7168K), 4 survivors (4096K)
 Metaspace       used 95021K, committed 95680K, reserved 1179648K
  class space    used 13018K, committed 13312K, reserved 1048576K
}
Event: 20.312 GC heap after
{Heap after GC invocations=51 (full 0):
 garbage-first heap   total 152576K, used 85015K [0x0000000080000000, 0x0000000100000000)
  region size 1024K, 1 young (1024K), 1 survivors (1024K)
 Metaspace       used 95021K, committed 95680K, reserved 1179648K
  class space    used 13018K, committed 13312K, reserved 1048576K
}
Event: 21.277 GC heap before
{Heap before GC invocations=51 (full 0):
 garbage-first heap   total 152576K, used 122903K [0x0000000080000000, 0x0000000100000000)
  region size 1024K, 39 young (39936K), 1 survivors (1024K)
 Metaspace       used 95497K, committed 96128K, reserved 1179648K
  class space    used 13057K, committed 13376K, reserved 1048576K
}
Event: 21.283 GC heap after
{Heap after GC invocations=52 (full 0):
 garbage-first heap   total 152576K, used 87427K [0x0000000080000000, 0x0000000100000000)
  region size 1024K, 3 young (3072K), 3 survivors (3072K)
 Metaspace       used 95497K, committed 96128K, reserved 1179648K
  class space    used 13057K, committed 13376K, reserved 1048576K
}
Event: 22.246 GC heap before
{Heap before GC invocations=53 (full 0):
 garbage-first heap   total 153600K, used 124291K [0x0000000080000000, 0x0000000100000000)
  region size 1024K, 40 young (40960K), 3 survivors (3072K)
 Metaspace       used 96041K, committed 96640K, reserved 1179648K
  class space    used 13102K, committed 13376K, reserved 1048576K
}
Event: 22.255 GC heap after
{Heap after GC invocations=54 (full 0):
 garbage-first heap   total 187392K, used 90414K [0x0000000080000000, 0x0000000100000000)
  region size 1024K, 3 young (3072K), 3 survivors (3072K)
 Metaspace       used 96041K, committed 96640K, reserved 1179648K
  class space    used 13102K, committed 13376K, reserved 1048576K
}
Event: 22.394 GC heap before
{Heap before GC invocations=54 (full 0):
 garbage-first heap   total 187392K, used 95534K [0x0000000080000000, 0x0000000100000000)
  region size 1024K, 9 young (9216K), 3 survivors (3072K)
 Metaspace       used 96098K, committed 96704K, reserved 1179648K
  class space    used 13105K, committed 13376K, reserved 1048576K
}
Event: 22.408 GC heap after
{Heap after GC invocations=55 (full 0):
 garbage-first heap   total 187392K, used 90371K [0x0000000080000000, 0x0000000100000000)
  region size 1024K, 1 young (1024K), 1 survivors (1024K)
 Metaspace       used 96098K, committed 96704K, reserved 1179648K
  class space    used 13105K, committed 13376K, reserved 1048576K
}

