# JRE version: OpenJDK Runtime Environment (17.0.7) (build 17.0.7+0-b2043.56-10550314)
# Java VM: OpenJDK 64-Bit Server VM (17.0.7+0-b2043.56-10550314, mixed mode, tiered, compressed oops, compressed class ptrs, g1 gc, windows-amd64)
GC Precious Log:
 CPUs: 8 total, 8 available
 Memory: 8108M
 Large Page Support: Disabled
 NUMA Support: Disabled
 Compressed Oops: Enabled (32-bit)
 Heap Region Size: 1M
 Heap Min Capacity: 8M
 Heap Initial Capacity: 128M
 Heap Max Capacity: 2G
 Pre-touch: Disabled
 Parallel Workers: 8
 Concurrent Workers: 2
 Concurrent Refinement Workers: 8
 Periodic GC: Disabled
Heap:
 garbage-first heap   total 135168K, used 82720K [0x0000000080000000, 0x0000000100000000)
  region size 1024K, 5 young (5120K), 5 survivors (5120K)
 Metaspace       used 94636K, committed 95360K, reserved 1179648K
  class space    used 12914K, committed 13248K, reserved 1048576K
GC Heap History (20 events):
Event: 14.087 GC heap after
{Heap after GC invocations=40 (full 0):
 garbage-first heap   total 112640K, used 59960K [0x0000000080000000, 0x0000000100000000)
  region size 1024K, 1 young (1024K), 1 survivors (1024K)
 Metaspace       used 72974K, committed 73536K, reserved 1114112K
  class space    used 9757K, committed 10048K, reserved 1048576K
}
Event: 14.666 GC heap before
{Heap before GC invocations=40 (full 0):
 garbage-first heap   total 112640K, used 86584K [0x0000000080000000, 0x0000000100000000)
  region size 1024K, 28 young (28672K), 1 survivors (1024K)
 Metaspace       used 75107K, committed 75712K, reserved 1179648K
  class space    used 10026K, committed 10304K, reserved 1048576K
}
Event: 14.669 GC heap after
{Heap after GC invocations=41 (full 0):
 garbage-first heap   total 112640K, used 61431K [0x0000000080000000, 0x0000000100000000)
  region size 1024K, 3 young (3072K), 3 survivors (3072K)
 Metaspace       used 75107K, committed 75712K, reserved 1179648K
  class space    used 10026K, committed 10304K, reserved 1048576K
}
Event: 15.100 GC heap before
{Heap before GC invocations=42 (full 0):
 garbage-first heap   total 112640K, used 88055K [0x0000000080000000, 0x0000000100000000)
  region size 1024K, 30 young (30720K), 3 survivors (3072K)
 Metaspace       used 77286K, committed 77888K, reserved 1179648K
  class space    used 10331K, committed 10624K, reserved 1048576K
}
Event: 15.104 GC heap after
{Heap after GC invocations=43 (full 0):
 garbage-first heap   total 135168K, used 62634K [0x0000000080000000, 0x0000000100000000)
  region size 1024K, 3 young (3072K), 3 survivors (3072K)
 Metaspace       used 77286K, committed 77888K, reserved 1179648K
  class space    used 10331K, committed 10624K, reserved 1048576K
}
Event: 15.165 GC heap before
{Heap before GC invocations=43 (full 0):
 garbage-first heap   total 135168K, used 65706K [0x0000000080000000, 0x0000000100000000)
  region size 1024K, 6 young (6144K), 3 survivors (3072K)
 Metaspace       used 77488K, committed 78080K, reserved 1179648K
  class space    used 10353K, committed 10624K, reserved 1048576K
}
Event: 15.170 GC heap after
{Heap after GC invocations=44 (full 0):
 garbage-first heap   total 135168K, used 62945K [0x0000000080000000, 0x0000000100000000)
  region size 1024K, 1 young (1024K), 1 survivors (1024K)
 Metaspace       used 77488K, committed 78080K, reserved 1179648K
  class space    used 10353K, committed 10624K, reserved 1048576K
}
Event: 15.969 GC heap before
{Heap before GC invocations=44 (full 0):
 garbage-first heap   total 135168K, used 104929K [0x0000000080000000, 0x0000000100000000)
  region size 1024K, 42 young (43008K), 1 survivors (1024K)
 Metaspace       used 80800K, committed 81344K, reserved 1179648K
  class space    used 11023K, committed 11264K, reserved 1048576K
}
Event: 15.973 GC heap after
{Heap after GC invocations=45 (full 0):
 garbage-first heap   total 135168K, used 63892K [0x0000000080000000, 0x0000000100000000)
  region size 1024K, 2 young (2048K), 2 survivors (2048K)
 Metaspace       used 80800K, committed 81344K, reserved 1179648K
  class space    used 11023K, committed 11264K, reserved 1048576K
}
Event: 16.956 GC heap before
{Heap before GC invocations=46 (full 0):
 garbage-first heap   total 135168K, used 106900K [0x0000000080000000, 0x0000000100000000)
  region size 1024K, 44 young (45056K), 2 survivors (2048K)
 Metaspace       used 84458K, committed 85120K, reserved 1179648K
  class space    used 11550K, committed 11840K, reserved 1048576K
}
Event: 16.964 GC heap after
{Heap after GC invocations=47 (full 0):
 garbage-first heap   total 135168K, used 66216K [0x0000000080000000, 0x0000000100000000)
  region size 1024K, 5 young (5120K), 5 survivors (5120K)
 Metaspace       used 84458K, committed 85120K, reserved 1179648K
  class space    used 11550K, committed 11840K, reserved 1048576K
}
Event: 16.997 GC heap before
{Heap before GC invocations=47 (full 0):
 garbage-first heap   total 135168K, used 67240K [0x0000000080000000, 0x0000000100000000)
  region size 1024K, 6 young (6144K), 5 survivors (5120K)
 Metaspace       used 84566K, committed 85184K, reserved 1179648K
  class space    used 11560K, committed 11840K, reserved 1048576K
}
Event: 17.003 GC heap after
{Heap after GC invocations=48 (full 0):
 garbage-first heap   total 135168K, used 66349K [0x0000000080000000, 0x0000000100000000)
  region size 1024K, 1 young (1024K), 1 survivors (1024K)
 Metaspace       used 84566K, committed 85184K, reserved 1179648K
  class space    used 11560K, committed 11840K, reserved 1048576K
}
Event: 17.816 GC heap before
{Heap before GC invocations=48 (full 0):
 garbage-first heap   total 135168K, used 108333K [0x0000000080000000, 0x0000000100000000)
  region size 1024K, 42 young (43008K), 1 survivors (1024K)
 Metaspace       used 87964K, committed 88576K, reserved 1179648K
  class space    used 12112K, committed 12416K, reserved 1048576K
}
Event: 17.822 GC heap after
{Heap after GC invocations=49 (full 0):
 garbage-first heap   total 135168K, used 67962K [0x0000000080000000, 0x0000000100000000)
  region size 1024K, 3 young (3072K), 3 survivors (3072K)
 Metaspace       used 87964K, committed 88576K, reserved 1179648K
  class space    used 12112K, committed 12416K, reserved 1048576K
}
Event: 20.282 GC heap before
{Heap before GC invocations=49 (full 0):
 garbage-first heap   total 135168K, used 108922K [0x0000000080000000, 0x0000000100000000)
  region size 1024K, 43 young (44032K), 3 survivors (3072K)
 Metaspace       used 91251K, committed 91904K, reserved 1179648K
  class space    used 12538K, committed 12864K, reserved 1048576K
}
Event: 20.298 GC heap after
{Heap after GC invocations=50 (full 0):
 garbage-first heap   total 135168K, used 71215K [0x0000000080000000, 0x0000000100000000)
  region size 1024K, 6 young (6144K), 6 survivors (6144K)
 Metaspace       used 91251K, committed 91904K, reserved 1179648K
  class space    used 12538K, committed 12864K, reserved 1048576K
}
Event: 20.865 GC heap before
{Heap before GC invocations=50 (full 0):
 garbage-first heap   total 135168K, used 109103K [0x0000000080000000, 0x0000000100000000)
  region size 1024K, 44 young (45056K), 6 survivors (6144K)
 Metaspace       used 91493K, committed 92160K, reserved 1179648K
  class space    used 12556K, committed 12864K, reserved 1048576K
}
Event: 20.878 GC heap after
{Heap after GC invocations=51 (full 0):
 garbage-first heap   total 135168K, used 77641K [0x0000000080000000, 0x0000000100000000)
  region size 1024K, 6 young (6144K), 6 survivors (6144K)
 Metaspace       used 91493K, committed 92160K, reserved 1179648K
  class space    used 12556K, committed 12864K, reserved 1048576K
}
Event: 21.866 GC heap before
{Heap before GC invocations=51 (full 0):
 garbage-first heap   total 135168K, used 114505K [0x0000000080000000, 0x0000000100000000)
  region size 1024K, 38 young (38912K), 6 survivors (6144K)
 Metaspace       used 94636K, committed 95360K, reserved 1179648K
  class space    used 12914K, committed 13248K, reserved 1048576K
}

